------------------------------------------------------------
Date::11/03/20 Tuesday 21:52:01 UTC
Host::bc8bb9bfc33d
Command::/opt/ibm/db2/V11.5/instance/db2icrt_local -a server -d -s ese -u db2fenc1 -p db2c_db2inst1 db2inst1
Insttype::1
Level::VRMF=11.5.0.0,Interim=0,SpecialInstall=0,SpecialBuild=,bld_level=s1906101300
Message::DBI1070I Program db2icrt_local completed successfully.
ReturnCode::0
------------------------------------------------------------
------------------------------------------------------------
Date::11/03/20 Tuesday 23:53:35 UTC
Host::8a8059cb5aeb
Command::/opt/ibm/db2/V11.5/instance/db2iupdt_local -u db2fenc1 -k -a server -d db2inst1
Insttype::1
Level::VRMF=11.5.0.0,Interim=0,SpecialInstall=0,SpecialBuild=,bld_level=s1906101300
Message::
ReturnCode::0
------------------------------------------------------------
------------------------------------------------------------
Date::11/04/20 Wednesday 00:11:13 UTC
Host::8a8059cb5aeb
Command::/opt/ibm/db2/V11.5/instance/db2iupdt_local -u db2fenc1 -k -a server -d db2inst1
Insttype::1
Level::VRMF=11.5.0.0,Interim=0,SpecialInstall=0,SpecialBuild=,bld_level=s1906101300
Message::
ReturnCode::0
------------------------------------------------------------
